<?xml version="1.0" encoding="UTF-8"?>
<testng-results ignored="0" total="1" passed="1" failed="0" skipped="0">
  <reporter-output>
  </reporter-output>
  <suite started-at="2021-09-23T00:46:35Z" name="Default suite" finished-at="2021-09-23T00:46:52Z" duration-ms="17218">
    <groups>
    </groups>
    <test started-at="2021-09-23T00:46:35Z" name="Default test" finished-at="2021-09-23T00:46:52Z" duration-ms="17218">
      <class name="loginTests.TC_04">
        <test-method is-config="true" signature="startWebDriver()[pri:0, instance:loginTests.TC_04@b968a76]" started-at="2021-09-22T19:46:35Z" name="startWebDriver" finished-at="2021-09-22T19:46:36Z" duration-ms="1685" status="PASS">
          <reporter-output>
          </reporter-output>
        </test-method> <!-- startWebDriver -->
        <test-method signature="TC_05_Search()[pri:0, instance:loginTests.TC_04@b968a76]" started-at="2021-09-22T19:46:36Z" name="TC_05_Search" finished-at="2021-09-22T19:46:52Z" duration-ms="15298" status="PASS">
          <reporter-output>
          </reporter-output>
        </test-method> <!-- TC_05_Search -->
        <test-method is-config="true" signature="closeDriver()[pri:0, instance:loginTests.TC_04@b968a76]" started-at="2021-09-22T19:46:52Z" name="closeDriver" finished-at="2021-09-22T19:46:52Z" duration-ms="209" status="PASS">
          <reporter-output>
          </reporter-output>
        </test-method> <!-- closeDriver -->
      </class> <!-- loginTests.TC_04 -->
    </test> <!-- Default test -->
  </suite> <!-- Default suite -->
</testng-results>
